2025-09-18 13:35:28,927 [main] INFO  HttpServer- start HttpServer
2025-09-18 13:36:30,967 [Thread-0] DEBUG RequestHandler- GET /resource HTTP/1.1
2025-09-18 13:36:30,970 [Thread-0] DEBUG RequestHandler- Host: localhost:8080
2025-09-18 13:36:30,970 [Thread-0] DEBUG RequestHandler- Connection: keep-alive
2025-09-18 13:36:30,970 [Thread-0] DEBUG RequestHandler- sec-ch-ua: "Chromium";v="136", "YaBrowser";v="25.6", "Not.A/Brand";v="99", "Yowser";v="2.5"
2025-09-18 13:36:30,971 [Thread-0] DEBUG RequestHandler- sec-ch-ua-mobile: ?0
2025-09-18 13:36:30,971 [Thread-0] DEBUG RequestHandler- sec-ch-ua-platform: "Windows"
2025-09-18 13:36:30,972 [Thread-0] DEBUG RequestHandler- Upgrade-Insecure-Requests: 1
2025-09-18 13:36:30,972 [Thread-0] DEBUG RequestHandler- User-Agent: Mozilla/5.0 (Windows NT 10.0; Win64; x64) AppleWebKit/537.36 (KHTML, like Gecko) Chrome/136.0.0.0 YaBrowser/25.6.0.0 Safari/537.36
2025-09-18 13:36:30,972 [Thread-0] DEBUG RequestHandler- Accept: text/html,application/xhtml+xml,application/xml;q=0.9,image/avif,image/webp,image/apng,*/*;q=0.8,application/signed-exchange;v=b3;q=0.7
2025-09-18 13:36:30,972 [Thread-0] DEBUG RequestHandler- Sec-Fetch-Site: none
2025-09-18 13:36:30,972 [Thread-0] DEBUG RequestHandler- Sec-Fetch-Mode: navigate
2025-09-18 13:36:30,972 [Thread-0] DEBUG RequestHandler- Sec-Fetch-User: ?1
2025-09-18 13:36:30,974 [Thread-0] DEBUG RequestHandler- Sec-Fetch-Dest: document
2025-09-18 13:36:30,974 [Thread-0] DEBUG RequestHandler- Accept-Encoding: gzip, deflate, br, zstd
2025-09-18 13:36:30,974 [Thread-0] DEBUG RequestHandler- Accept-Language: ru,en;q=0.9
2025-09-18 13:36:30,974 [Thread-0] DEBUG RequestHandler- 
2025-09-18 13:36:30,974 [Thread-0] DEBUG RequestHandler- end of request header
2025-09-18 13:36:30,975 [Thread-0] DEBUG RequestHandler- outputStreamjava.net.Socket$SocketOutputStream@61967928
2025-09-18 13:36:30,977 [Thread-0] DEBUG RequestHandler- outputStreamjava.net.Socket$SocketOutputStream@61967928
2025-09-18 13:36:31,570 [Thread-1] DEBUG RequestHandler- null
